Traceback (most recent call last):
  File "C:\Users\paulj\AppData\Local\Programs\Python\Python310\lib\site-packages\jupyter_cache\executors\utils.py", line 51, in single_nb_execution
    executenb(
  File "C:\Users\paulj\AppData\Local\Programs\Python\Python310\lib\site-packages\nbclient\client.py", line 1204, in execute
    return NotebookClient(nb=nb, resources=resources, km=km, **kwargs).execute()
  File "C:\Users\paulj\AppData\Local\Programs\Python\Python310\lib\site-packages\nbclient\util.py", line 84, in wrapped
    return just_run(coro(*args, **kwargs))
  File "C:\Users\paulj\AppData\Local\Programs\Python\Python310\lib\site-packages\nbclient\util.py", line 62, in just_run
    return loop.run_until_complete(coro)
  File "C:\Users\paulj\AppData\Local\Programs\Python\Python310\lib\asyncio\base_events.py", line 646, in run_until_complete
    return future.result()
  File "C:\Users\paulj\AppData\Local\Programs\Python\Python310\lib\site-packages\nbclient\client.py", line 663, in async_execute
    await self.async_execute_cell(
  File "C:\Users\paulj\AppData\Local\Programs\Python\Python310\lib\site-packages\nbclient\client.py", line 965, in async_execute_cell
    await self._check_raise_for_error(cell, cell_index, exec_reply)
  File "C:\Users\paulj\AppData\Local\Programs\Python\Python310\lib\site-packages\nbclient\client.py", line 862, in _check_raise_for_error
    raise CellExecutionError.from_cell_and_msg(cell, exec_reply_content)
nbclient.exceptions.CellExecutionError: An error occurred while executing the following cell:
------------------
# A Bruteforce software for html headers (because burp is too slow)
# Part of The-Cyber-Toolkit
# V1.0

# Planned features
# Provide URL, and example page in .txt format (with replacement character on each side)
# Provide wordlist, one per line
# Import the headers, replacing with special char


# Simple Example, defined page and replace location

import requests

wordlist = open(input("Where is your wordlist?: ") or "/usr/share/wordlists/seclists/Usernames/Names/names.txt")
target = input("What is the target URL?: ")
responses_to_ignore = [200]

print("\nWordlist:", wordlist)
print("TargetURL:", target)

loopcount = 0
for word in wordlist:
    word = word[:-1] # drop the /n at the end
    loopcount += 1
    head_params = {
    "Host" : "127.0.0.1",
    "User-Agent" : str(word),
    "Accept" : "text/html,application/xhtml+xml,application/xml;q=0.9,image/webp,*/*;q=0.8",
    "Accept-Language" : "en-US",
    "Accept-Encoding" : "gzip, deflate",
    "Connection" : "Close",
    "Upgrade-Insecure-Requests" : "1",

    }
    r = requests.get(target, headers=head_params)
    if r.status_code in responses_to_ignore:
        print(loopcount, ":", word)
    else:
        print("found in:", loopcount)
        print("ResponseCode:", r.status_code)
        print("Word from Wordlist:", word)
print("END")


------------------

[1;31m---------------------------------------------------------------------------[0m
[1;31mStdinNotImplementedError[0m                  Traceback (most recent call last)
Input [1;32mIn [1][0m, in [0;36m<cell line: 15>[1;34m()[0m
[0;32m      1[0m [38;5;66;03m# A Bruteforce software for html headers (because burp is too slow)[39;00m
[0;32m      2[0m [38;5;66;03m# Part of The-Cyber-Toolkit[39;00m
[0;32m      3[0m [38;5;66;03m# V1.0[39;00m
[1;32m   (...)[0m
[0;32m     10[0m 
[0;32m     11[0m [38;5;66;03m# Simple Example, defined page and replace location[39;00m
[0;32m     13[0m [38;5;28;01mimport[39;00m [38;5;21;01mrequests[39;00m
[1;32m---> 15[0m wordlist [38;5;241m=[39m [38;5;28mopen[39m([38;5;28;43minput[39;49m[43m([49m[38;5;124;43m"[39;49m[38;5;124;43mWhere is your wordlist?: [39;49m[38;5;124;43m"[39;49m[43m)[49m [38;5;129;01mor[39;00m [38;5;124m"[39m[38;5;124m/usr/share/wordlists/seclists/Usernames/Names/names.txt[39m[38;5;124m"[39m)
[0;32m     16[0m target [38;5;241m=[39m [38;5;28minput[39m([38;5;124m"[39m[38;5;124mWhat is the target URL?: [39m[38;5;124m"[39m)
[0;32m     17[0m responses_to_ignore [38;5;241m=[39m [[38;5;241m200[39m]

File [1;32m~\AppData\Local\Programs\Python\Python310\lib\site-packages\ipykernel\kernelbase.py:1174[0m, in [0;36mKernel.raw_input[1;34m(self, prompt)[0m
[0;32m   1167[0m [38;5;124;03m"""Forward raw_input to frontends[39;00m
[0;32m   1168[0m 
[0;32m   1169[0m [38;5;124;03mRaises[39;00m
[0;32m   1170[0m [38;5;124;03m------[39;00m
[0;32m   1171[0m [38;5;124;03mStdinNotImplementedError if active frontend doesn't support stdin.[39;00m
[0;32m   1172[0m [38;5;124;03m"""[39;00m
[0;32m   1173[0m [38;5;28;01mif[39;00m [38;5;129;01mnot[39;00m [38;5;28mself[39m[38;5;241m.[39m_allow_stdin:
[1;32m-> 1174[0m     [38;5;28;01mraise[39;00m StdinNotImplementedError(
[0;32m   1175[0m         [38;5;124m"[39m[38;5;124mraw_input was called, but this frontend does not support input requests.[39m[38;5;124m"[39m
[0;32m   1176[0m     )
[0;32m   1177[0m [38;5;28;01mreturn[39;00m [38;5;28mself[39m[38;5;241m.[39m_input_request(
[0;32m   1178[0m     [38;5;28mstr[39m(prompt),
[0;32m   1179[0m     [38;5;28mself[39m[38;5;241m.[39m_parent_ident[[38;5;124m"[39m[38;5;124mshell[39m[38;5;124m"[39m],
[0;32m   1180[0m     [38;5;28mself[39m[38;5;241m.[39mget_parent([38;5;124m"[39m[38;5;124mshell[39m[38;5;124m"[39m),
[0;32m   1181[0m     password[38;5;241m=[39m[38;5;28;01mFalse[39;00m,
[0;32m   1182[0m )

[1;31mStdinNotImplementedError[0m: raw_input was called, but this frontend does not support input requests.
StdinNotImplementedError: raw_input was called, but this frontend does not support input requests.

